2017-12-21-main-WARN -root      :Connecting to database to insert loan details
2017-12-21-main-WARN -root      :Connecting to database to generate applicant Id
2017-12-21-main-WARN -root      :Connecting to database to view customer by Id
2017-12-21-main-WARN -root      :Connecting to database to get date of interview
2017-12-21-main-WARN -root      :Connecting to database to login 
2017-12-21-main-WARN -root      :Connecting to database to view loan by Id
2017-12-21-main-WARN -root      :Connecting to database to update status
2017-12-21-main-WARN -root      :Connecting to database to view loan programs offered
2017-12-21-main-WARN -root      :Connecting to database to view application by name
2017-12-21-main-WARN -root      :Connecting to database to insert loan details
2017-12-21-main-WARN -root      :Connecting to database to view loan programs offered
2017-12-21-main-WARN -root      :Connecting to database to view application by name
2017-12-21-main-WARN -root      :Connecting to database to login 
2017-12-21-main-WARN -root      :Connecting to database to view loan by Id
2017-12-21-main-WARN -root      :Connecting to database to update status
2017-12-21-main-WARN -root      :Connecting to database to generate applicant Id
2017-12-21-main-WARN -root      :Connecting to database to view customer by Id
2017-12-21-main-WARN -root      :Connecting to database to get date of interview
2017-12-21-main-WARN -root      :Connecting to database to generate applicant Id
2017-12-21-main-WARN -root      :Connecting to database to generate applicant Id
2017-12-21-main-WARN -root      :Connecting to database to generate applicant Id
2017-12-21-main-WARN -root      :Connecting to database to generate applicant Id
2017-12-21-main-WARN -root      :Connecting to database to generate applicant Id
2017-12-21-main-WARN -root      :Connecting to database to generate applicant Id
2017-12-21-main-WARN -root      :Connecting to database to generate applicant Id
2017-12-21-main-WARN -root      :Connecting to database to generate applicant Id
2017-12-21-main-WARN -root      :Connecting to database to generate applicant Id
2017-12-21-main-WARN -root      :Connecting to database to generate applicant Id
